============================= test session starts ==============================
platform linux -- Python 3.12.3, pytest-8.4.2, pluggy-1.6.0 -- /usr/bin/python3
cachedir: .pytest_cache
rootdir: /home/fishbro/FishBroWFS_V2
configfile: pytest.ini
plugins: cov-5.0.0, anyio-4.12.0
collecting ... collected 5 items

tests/stage2/test_kernel_exit_gap_semantics.py::test_long_stop_gap_down_fills_at_open PASSED [ 20%]
tests/stage2/test_kernel_exit_gap_semantics.py::test_long_stop_intrabar_touch_fills_at_stop PASSED [ 40%]
tests/stage2/test_kernel_exit_gap_semantics.py::test_short_stop_gap_up_fills_at_open PASSED [ 60%]
tests/stage2/test_kernel_exit_gap_semantics.py::test_short_stop_intrabar_touch_fills_at_stop PASSED [ 80%]
tests/stage2/test_kernel_exit_gap_semantics.py::test_trade_closes_equity_updates_smoke PASSED [100%]

============================== 5 passed in 1.20s ===============================
