============================= test session starts ==============================
platform linux -- Python 3.12.3, pytest-8.4.2, pluggy-1.6.0 -- /usr/bin/python3
cachedir: .pytest_cache
rootdir: /home/fishbro/FishBroWFS_V2
configfile: pytest.ini
plugins: cov-5.0.0, anyio-4.12.0
collecting ... collected 17 items

tests/logic_audit/test_l1_engine.py::test_jit_import_failure_warning PASSED [  5%]
tests/logic_audit/test_l1_engine.py::test_jit_strict_mode_failure PASSED [ 11%]
tests/logic_audit/test_l1_runner.py::test_runner_bad_env_var_warning PASSED [ 17%]
tests/logic_audit/test_l1_runner.py::test_runner_strict_env_var_failure PASSED [ 23%]
tests/logic_audit/test_l2_plateau.py::test_load_candidates_rejects_small_topk PASSED [ 29%]
tests/logic_audit/test_l2_plateau.py::test_load_candidates_accepts_plateau_candidates_list PASSED [ 35%]
tests/logic_audit/test_l2_plateau.py::test_load_candidates_accepts_raw_list PASSED [ 41%]
tests/logic_audit/test_l3_evidence.py::test_get_evidence_root_raises_not_found PASSED [ 47%]
tests/logic_audit/test_l3_evidence.py::test_get_evidence_root_raises_error_response PASSED [ 52%]
tests/logic_audit/test_l3_evidence.py::test_list_evidence_files_propagates_error PASSED [ 58%]
tests/logic_audit/test_l3_portfolio.py::test_loader_preserves_types PASSED [ 64%]
tests/logic_audit/test_l3_selection.py::test_selection_sync PASSED       [ 70%]
tests/logic_audit/test_plateau_producer_artifacts.py::test_write_run_artifacts_exports_plateau_candidates PASSED [ 76%]
tests/logic_audit/test_plateau_producer_artifacts.py::test_write_run_artifacts_skips_plateau_candidates_if_none PASSED [ 82%]
tests/logic_audit/test_plateau_producer_funnel.py::test_run_funnel_propagates_plateau_candidates PASSED [ 88%]
tests/logic_audit/test_plateau_producer_unit.py::test_runner_adapter_stage1_exports_candidates PASSED [ 94%]
tests/logic_audit/test_plateau_producer_unit.py::test_runner_adapter_stage2_exports_candidates PASSED [100%]

============================== 17 passed in 0.83s ==============================
